This file contains any messages produced by compilers while
running configure, to aid debugging if configure makes a mistake.

It was created by viewssld configure 0.6.0, which was
generated by GNU Autoconf 2.61.  Invocation command line was

  $ ./configure 

## --------- ##
## Platform. ##
## --------- ##

hostname = macbookpro.local
uname -m = i386
uname -r = 10.7.0
uname -s = Darwin
uname -v = Darwin Kernel Version 10.7.0: Sat Jan 29 15:17:16 PST 2011; root:xnu-1504.9.37~1/RELEASE_I386

/usr/bin/uname -p = i386
/bin/uname -X     = unknown

/bin/arch              = unknown
/usr/bin/arch -k       = unknown
/usr/convex/getsysinfo = unknown
/usr/bin/hostinfo      = Mach kernel version:
	 Darwin Kernel Version 10.7.0: Sat Jan 29 15:17:16 PST 2011; root:xnu-1504.9.37~1/RELEASE_I386
Kernel configured for up to 2 processors.
2 processors are physically available.
2 processors are logically available.
Processor type: i486 (Intel 80486)
Processors active: 0 1
Primary memory available: 2.00 gigabytes
Default processor set: 94 tasks, 448 threads, 2 processors
Load average: 1.18, Mach factor: 0.96
/bin/machine           = unknown
/usr/bin/oslevel       = unknown
/bin/universe          = unknown

PATH: /Users/dmitry/.rvm/gems/ruby-1.8.7-p334/bin
PATH: /Users/dmitry/.rvm/gems/ruby-1.8.7-p334@global/bin
PATH: /Users/dmitry/.rvm/rubies/ruby-1.8.7-p334/bin
PATH: /Users/dmitry/.rvm/bin
PATH: /opt/local/sbin
PATH: /usr/bin
PATH: /bin
PATH: /usr/sbin
PATH: /sbin
PATH: /usr/local/bin
PATH: /usr/X11/bin


## ----------- ##
## Core tests. ##
## ----------- ##

configure:1783: checking build system type
configure:1801: result: i386-apple-darwin10.7.0
configure:1823: checking host system type
configure:1838: result: i386-apple-darwin10.7.0
configure:1860: checking target system type
configure:1875: result: i386-apple-darwin10.7.0
configure:1918: checking for a BSD-compatible install
configure:1974: result: /usr/bin/install -c
configure:1985: checking whether build environment is sane
configure:2028: result: yes
configure:2056: checking for a thread-safe mkdir -p
configure:2095: result: ./install-sh -c -d
configure:2108: checking for gawk
configure:2138: result: no
configure:2108: checking for mawk
configure:2138: result: no
configure:2108: checking for nawk
configure:2138: result: no
configure:2108: checking for awk
configure:2124: found /usr/bin/awk
configure:2135: result: awk
configure:2146: checking whether make sets $(MAKE)
configure:2167: result: yes
configure:2369: checking for a BSD-compatible install
configure:2425: result: /usr/bin/install -c
configure:2484: checking for gcc
configure:2500: found /usr/bin/gcc
configure:2511: result: gcc
configure:2749: checking for C compiler version
configure:2756: gcc --version >&5
i686-apple-darwin10-gcc-4.2.1 (GCC) 4.2.1 (Apple Inc. build 5666) (dot 3)
Copyright (C) 2007 Free Software Foundation, Inc.
This is free software; see the source for copying conditions.  There is NO
warranty; not even for MERCHANTABILITY or FITNESS FOR A PARTICULAR PURPOSE.

configure:2759: $? = 0
configure:2766: gcc -v >&5
Using built-in specs.
Target: i686-apple-darwin10
Configured with: /var/tmp/gcc/gcc-5666.3~123/src/configure --disable-checking --enable-werror --prefix=/usr --mandir=/share/man --enable-languages=c,objc,c++,obj-c++ --program-transform-name=/^[cg][^.-]*$/s/$/-4.2/ --with-slibdir=/usr/lib --build=i686-apple-darwin10 --program-prefix=i686-apple-darwin10- --host=x86_64-apple-darwin10 --target=i686-apple-darwin10 --with-gxx-include-dir=/include/c++/4.2.1
Thread model: posix
gcc version 4.2.1 (Apple Inc. build 5666) (dot 3)
configure:2769: $? = 0
configure:2776: gcc -V >&5
gcc-4.2: argument to `-V' is missing
configure:2779: $? = 1
configure:2802: checking for C compiler default output file name
configure:2829: gcc    conftest.c  >&5
configure:2832: $? = 0
configure:2870: result: a.out
configure:2887: checking whether the C compiler works
configure:2897: ./a.out
configure:2900: $? = 0
configure:2917: result: yes
configure:2924: checking whether we are cross compiling
configure:2926: result: no
configure:2929: checking for suffix of executables
configure:2936: gcc -o conftest    conftest.c  >&5
configure:2939: $? = 0
configure:2963: result: 
configure:2969: checking for suffix of object files
configure:2995: gcc -c   conftest.c >&5
configure:2998: $? = 0
configure:3021: result: o
configure:3025: checking whether we are using the GNU C compiler
configure:3054: gcc -c   conftest.c >&5
configure:3060: $? = 0
configure:3077: result: yes
configure:3082: checking whether gcc accepts -g
configure:3112: gcc -c -g  conftest.c >&5
configure:3118: $? = 0
configure:3217: result: yes
configure:3234: checking for gcc option to accept ISO C89
configure:3308: gcc  -c -g -O2  conftest.c >&5
configure:3314: $? = 0
configure:3337: result: none needed
configure:3366: checking for style of include used by make
configure:3394: result: GNU
configure:3419: checking dependency style of gcc
configure:3510: result: gcc3
configure:3534: checking how to run the C preprocessor
configure:3574: gcc -E  conftest.c
configure:3580: $? = 0
configure:3611: gcc -E  conftest.c
conftest.c:10:28: error: ac_nonexistent.h: No such file or directory
configure:3617: $? = 1
configure: failed program was:
| /* confdefs.h.  */
| #define PACKAGE_NAME "viewssld"
| #define PACKAGE_TARNAME "viewssld"
| #define PACKAGE_VERSION "0.6.0"
| #define PACKAGE_STRING "viewssld 0.6.0"
| #define PACKAGE_BUGREPORT "plashchynski@gmail.com"
| #define PACKAGE "viewssld"
| #define VERSION "0.6.0"
| /* end confdefs.h.  */
| #include <ac_nonexistent.h>
configure:3650: result: gcc -E
configure:3679: gcc -E  conftest.c
configure:3685: $? = 0
configure:3716: gcc -E  conftest.c
conftest.c:10:28: error: ac_nonexistent.h: No such file or directory
configure:3722: $? = 1
configure: failed program was:
| /* confdefs.h.  */
| #define PACKAGE_NAME "viewssld"
| #define PACKAGE_TARNAME "viewssld"
| #define PACKAGE_VERSION "0.6.0"
| #define PACKAGE_STRING "viewssld 0.6.0"
| #define PACKAGE_BUGREPORT "plashchynski@gmail.com"
| #define PACKAGE "viewssld"
| #define VERSION "0.6.0"
| /* end confdefs.h.  */
| #include <ac_nonexistent.h>
configure:3760: checking for grep that handles long lines and -e
configure:3834: result: /usr/bin/grep
configure:3839: checking for egrep
configure:3917: result: /usr/bin/grep -E
configure:3922: checking for ANSI C header files
configure:3952: gcc -c -g -O2  conftest.c >&5
configure:3958: $? = 0
configure:4057: gcc -o conftest -g -O2   -lpcap -lssl -lnet -ldssl conftest.c  >&5
ld: library not found for -lnet
collect2: ld returned 1 exit status
configure:4060: $? = 1
configure: program exited with status 1
configure: failed program was:
| /* confdefs.h.  */
| #define PACKAGE_NAME "viewssld"
| #define PACKAGE_TARNAME "viewssld"
| #define PACKAGE_VERSION "0.6.0"
| #define PACKAGE_STRING "viewssld 0.6.0"
| #define PACKAGE_BUGREPORT "plashchynski@gmail.com"
| #define PACKAGE "viewssld"
| #define VERSION "0.6.0"
| /* end confdefs.h.  */
| #include <ctype.h>
| #include <stdlib.h>
| #if ((' ' & 0x0FF) == 0x020)
| # define ISLOWER(c) ('a' <= (c) && (c) <= 'z')
| # define TOUPPER(c) (ISLOWER(c) ? 'A' + ((c) - 'a') : (c))
| #else
| # define ISLOWER(c) 		   (('a' <= (c) && (c) <= 'i') 		     || ('j' <= (c) && (c) <= 'r') 		     || ('s' <= (c) && (c) <= 'z'))
| # define TOUPPER(c) (ISLOWER(c) ? ((c) | 0x40) : (c))
| #endif
| 
| #define XOR(e, f) (((e) && !(f)) || (!(e) && (f)))
| int
| main ()
| {
|   int i;
|   for (i = 0; i < 256; i++)
|     if (XOR (islower (i), ISLOWER (i))
| 	|| toupper (i) != TOUPPER (i))
|       return 2;
|   return 0;
| }
configure:4086: result: no
configure:4096: checking for sys/wait.h that is POSIX.1 compatible
configure:4132: gcc -c -g -O2  conftest.c >&5
configure:4138: $? = 0
configure:4153: result: yes
configure:4177: checking for sys/types.h
configure:4198: gcc -c -g -O2  conftest.c >&5
configure:4204: $? = 0
configure:4220: result: yes
configure:4177: checking for sys/stat.h
configure:4198: gcc -c -g -O2  conftest.c >&5
configure:4204: $? = 0
configure:4220: result: yes
configure:4177: checking for stdlib.h
configure:4198: gcc -c -g -O2  conftest.c >&5
configure:4204: $? = 0
configure:4220: result: yes
configure:4177: checking for string.h
configure:4198: gcc -c -g -O2  conftest.c >&5
configure:4204: $? = 0
configure:4220: result: yes
configure:4177: checking for memory.h
configure:4198: gcc -c -g -O2  conftest.c >&5
configure:4204: $? = 0
configure:4220: result: yes
configure:4177: checking for strings.h
configure:4198: gcc -c -g -O2  conftest.c >&5
configure:4204: $? = 0
configure:4220: result: yes
configure:4177: checking for inttypes.h
configure:4198: gcc -c -g -O2  conftest.c >&5
configure:4204: $? = 0
configure:4220: result: yes
configure:4177: checking for stdint.h
configure:4198: gcc -c -g -O2  conftest.c >&5
configure:4204: $? = 0
configure:4220: result: yes
configure:4177: checking for unistd.h
configure:4198: gcc -c -g -O2  conftest.c >&5
configure:4204: $? = 0
configure:4220: result: yes
configure:4254: checking arpa/inet.h usability
configure:4271: gcc -c -g -O2  conftest.c >&5
configure:4277: $? = 0
configure:4291: result: yes
configure:4295: checking arpa/inet.h presence
configure:4310: gcc -E  conftest.c
configure:4316: $? = 0
configure:4330: result: yes
configure:4363: checking for arpa/inet.h
configure:4371: result: yes
configure:4254: checking netinet/in.h usability
configure:4271: gcc -c -g -O2  conftest.c >&5
configure:4277: $? = 0
configure:4291: result: yes
configure:4295: checking netinet/in.h presence
configure:4310: gcc -E  conftest.c
configure:4316: $? = 0
configure:4330: result: yes
configure:4363: checking for netinet/in.h
configure:4371: result: yes
configure:4244: checking for stdlib.h
configure:4250: result: yes
configure:4244: checking for string.h
configure:4250: result: yes
configure:4254: checking sys/ioctl.h usability
configure:4271: gcc -c -g -O2  conftest.c >&5
configure:4277: $? = 0
configure:4291: result: yes
configure:4295: checking sys/ioctl.h presence
configure:4310: gcc -E  conftest.c
configure:4316: $? = 0
configure:4330: result: yes
configure:4363: checking for sys/ioctl.h
configure:4371: result: yes
configure:4254: checking sys/socket.h usability
configure:4271: gcc -c -g -O2  conftest.c >&5
configure:4277: $? = 0
configure:4291: result: yes
configure:4295: checking sys/socket.h presence
configure:4310: gcc -E  conftest.c
configure:4316: $? = 0
configure:4330: result: yes
configure:4363: checking for sys/socket.h
configure:4371: result: yes
configure:4254: checking syslog.h usability
configure:4271: gcc -c -g -O2  conftest.c >&5
configure:4277: $? = 0
configure:4291: result: yes
configure:4295: checking syslog.h presence
configure:4310: gcc -E  conftest.c
configure:4316: $? = 0
configure:4330: result: yes
configure:4363: checking for syslog.h
configure:4371: result: yes
configure:4244: checking for unistd.h
configure:4250: result: yes
configure:4395: checking pcap.h usability
configure:4412: gcc -c -g -O2  conftest.c >&5
configure:4418: $? = 0
configure:4432: result: yes
configure:4436: checking pcap.h presence
configure:4451: gcc -E  conftest.c
configure:4457: $? = 0
configure:4471: result: yes
configure:4504: checking for pcap.h
configure:4511: result: yes
configure:4534: checking openssl/ssl.h usability
configure:4551: gcc -c -g -O2  conftest.c >&5
configure:4557: $? = 0
configure:4571: result: yes
configure:4575: checking openssl/ssl.h presence
configure:4590: gcc -E  conftest.c
configure:4596: $? = 0
configure:4610: result: yes
configure:4643: checking for openssl/ssl.h
configure:4650: result: yes
configure:4673: checking dssl/sslcap.h usability
configure:4690: gcc -c -g -O2  conftest.c >&5
conftest.c:61:25: error: dssl/sslcap.h: No such file or directory
configure:4696: $? = 1
configure: failed program was:
| /* confdefs.h.  */
| #define PACKAGE_NAME "viewssld"
| #define PACKAGE_TARNAME "viewssld"
| #define PACKAGE_VERSION "0.6.0"
| #define PACKAGE_STRING "viewssld 0.6.0"
| #define PACKAGE_BUGREPORT "plashchynski@gmail.com"
| #define PACKAGE "viewssld"
| #define VERSION "0.6.0"
| #define HAVE_SYS_WAIT_H 1
| #define HAVE_SYS_TYPES_H 1
| #define HAVE_SYS_STAT_H 1
| #define HAVE_STDLIB_H 1
| #define HAVE_STRING_H 1
| #define HAVE_MEMORY_H 1
| #define HAVE_STRINGS_H 1
| #define HAVE_INTTYPES_H 1
| #define HAVE_STDINT_H 1
| #define HAVE_UNISTD_H 1
| #define HAVE_ARPA_INET_H 1
| #define HAVE_NETINET_IN_H 1
| #define HAVE_STDLIB_H 1
| #define HAVE_STRING_H 1
| #define HAVE_SYS_IOCTL_H 1
| #define HAVE_SYS_SOCKET_H 1
| #define HAVE_SYSLOG_H 1
| #define HAVE_UNISTD_H 1
| /* end confdefs.h.  */
| #include <stdio.h>
| #ifdef HAVE_SYS_TYPES_H
| # include <sys/types.h>
| #endif
| #ifdef HAVE_SYS_STAT_H
| # include <sys/stat.h>
| #endif
| #ifdef STDC_HEADERS
| # include <stdlib.h>
| # include <stddef.h>
| #else
| # ifdef HAVE_STDLIB_H
| #  include <stdlib.h>
| # endif
| #endif
| #ifdef HAVE_STRING_H
| # if !defined STDC_HEADERS && defined HAVE_MEMORY_H
| #  include <memory.h>
| # endif
| # include <string.h>
| #endif
| #ifdef HAVE_STRINGS_H
| # include <strings.h>
| #endif
| #ifdef HAVE_INTTYPES_H
| # include <inttypes.h>
| #endif
| #ifdef HAVE_STDINT_H
| # include <stdint.h>
| #endif
| #ifdef HAVE_UNISTD_H
| # include <unistd.h>
| #endif
| #include <dssl/sslcap.h>
configure:4710: result: no
configure:4714: checking dssl/sslcap.h presence
configure:4729: gcc -E  conftest.c
conftest.c:28:25: error: dssl/sslcap.h: No such file or directory
configure:4735: $? = 1
configure: failed program was:
| /* confdefs.h.  */
| #define PACKAGE_NAME "viewssld"
| #define PACKAGE_TARNAME "viewssld"
| #define PACKAGE_VERSION "0.6.0"
| #define PACKAGE_STRING "viewssld 0.6.0"
| #define PACKAGE_BUGREPORT "plashchynski@gmail.com"
| #define PACKAGE "viewssld"
| #define VERSION "0.6.0"
| #define HAVE_SYS_WAIT_H 1
| #define HAVE_SYS_TYPES_H 1
| #define HAVE_SYS_STAT_H 1
| #define HAVE_STDLIB_H 1
| #define HAVE_STRING_H 1
| #define HAVE_MEMORY_H 1
| #define HAVE_STRINGS_H 1
| #define HAVE_INTTYPES_H 1
| #define HAVE_STDINT_H 1
| #define HAVE_UNISTD_H 1
| #define HAVE_ARPA_INET_H 1
| #define HAVE_NETINET_IN_H 1
| #define HAVE_STDLIB_H 1
| #define HAVE_STRING_H 1
| #define HAVE_SYS_IOCTL_H 1
| #define HAVE_SYS_SOCKET_H 1
| #define HAVE_SYSLOG_H 1
| #define HAVE_UNISTD_H 1
| /* end confdefs.h.  */
| #include <dssl/sslcap.h>
configure:4749: result: no
configure:4782: checking for dssl/sslcap.h
configure:4789: result: no
configure:4796: error: libdssl header file not found. Install libdssl-dev package from http://plashc.belsec.com/files/dssl-1.3.0.tar.gz

## ---------------- ##
## Cache variables. ##
## ---------------- ##

ac_cv_build=i386-apple-darwin10.7.0
ac_cv_c_compiler_gnu=yes
ac_cv_env_CC_set=
ac_cv_env_CC_value=
ac_cv_env_CFLAGS_set=
ac_cv_env_CFLAGS_value=
ac_cv_env_CPPFLAGS_set=
ac_cv_env_CPPFLAGS_value=
ac_cv_env_CPP_set=
ac_cv_env_CPP_value=
ac_cv_env_LDFLAGS_set=
ac_cv_env_LDFLAGS_value=
ac_cv_env_LIBS_set=
ac_cv_env_LIBS_value=
ac_cv_env_build_alias_set=
ac_cv_env_build_alias_value=
ac_cv_env_host_alias_set=
ac_cv_env_host_alias_value=
ac_cv_env_target_alias_set=
ac_cv_env_target_alias_value=
ac_cv_header_arpa_inet_h=yes
ac_cv_header_dssl_sslcap_h=no
ac_cv_header_inttypes_h=yes
ac_cv_header_memory_h=yes
ac_cv_header_netinet_in_h=yes
ac_cv_header_openssl_ssl_h=yes
ac_cv_header_pcap_h=yes
ac_cv_header_stdc=no
ac_cv_header_stdint_h=yes
ac_cv_header_stdlib_h=yes
ac_cv_header_string_h=yes
ac_cv_header_strings_h=yes
ac_cv_header_sys_ioctl_h=yes
ac_cv_header_sys_socket_h=yes
ac_cv_header_sys_stat_h=yes
ac_cv_header_sys_types_h=yes
ac_cv_header_sys_wait_h=yes
ac_cv_header_syslog_h=yes
ac_cv_header_unistd_h=yes
ac_cv_host=i386-apple-darwin10.7.0
ac_cv_objext=o
ac_cv_path_EGREP='/usr/bin/grep -E'
ac_cv_path_GREP=/usr/bin/grep
ac_cv_path_install='/usr/bin/install -c'
ac_cv_prog_AWK=awk
ac_cv_prog_CPP='gcc -E'
ac_cv_prog_ac_ct_CC=gcc
ac_cv_prog_cc_c89=
ac_cv_prog_cc_g=yes
ac_cv_prog_make_make_set=yes
ac_cv_target=i386-apple-darwin10.7.0
am_cv_CC_dependencies_compiler_type=gcc3

## ----------------- ##
## Output variables. ##
## ----------------- ##

ACLOCAL='${SHELL} /Users/dmitry/Project/viewssld-0.6.0/missing --run aclocal-1.10'
AMDEPBACKSLASH='\'
AMDEP_FALSE='#'
AMDEP_TRUE=''
AMTAR='${SHELL} /Users/dmitry/Project/viewssld-0.6.0/missing --run tar'
AUTOCONF='${SHELL} /Users/dmitry/Project/viewssld-0.6.0/missing --run autoconf'
AUTOHEADER='${SHELL} /Users/dmitry/Project/viewssld-0.6.0/missing --run autoheader'
AUTOMAKE='${SHELL} /Users/dmitry/Project/viewssld-0.6.0/missing --run automake-1.10'
AWK='awk'
CC='gcc'
CCDEPMODE='depmode=gcc3'
CFLAGS='-g -O2'
CPP='gcc -E'
CPPFLAGS=''
CYGPATH_W='echo'
DEFS=''
DEPDIR='.deps'
ECHO_C='ECHO_N=''
ECHO_T=''
EGREP='/usr/bin/grep -E'
EXEEXT=''
GREP='/usr/bin/grep'
INSTALL_DATA='${INSTALL} -m 644'
INSTALL_PROGRAM='${INSTALL}'
INSTALL_SCRIPT='${INSTALL}'
INSTALL_STRIP_PROGRAM='$(install_sh) -c -s'
LDFLAGS=' -lpcap -lssl -lnet -ldssl'
LIBOBJS=''
LIBS=''
LTLIBOBJS=''
MAKEINFO='${SHELL} /Users/dmitry/Project/viewssld-0.6.0/missing --run makeinfo'
OBJEXT='o'
PACKAGE='viewssld'
PACKAGE_BUGREPORT='plashchynski@gmail.com'
PACKAGE_NAME='viewssld'
PACKAGE_STRING='viewssld 0.6.0'
PACKAGE_TARNAME='viewssld'
PACKAGE_VERSION='0.6.0'
PATH_SEPARATOR=':'
SET_MAKE=''
SHELL='/bin/sh'
STRIP=''
VERSION='0.6.0'
ac_ct_CC='gcc'
am__fastdepCC_FALSE='#'
am__fastdepCC_TRUE=''
am__include='include'
am__isrc=''
am__leading_dot='.'
am__quote=''
am__tar='${AMTAR} chof - "$$tardir"'
am__untar='${AMTAR} xf -'
bindir='${exec_prefix}/bin'
build='i386-apple-darwin10.7.0'
build_alias=''
build_cpu='i386'
build_os='darwin10.7.0'
build_vendor='apple'
datadir='${datarootdir}'
datarootdir='${prefix}/share'
docdir='${datarootdir}/doc/${PACKAGE_TARNAME}'
dvidir='${docdir}'
exec_prefix='NONE'
host='i386-apple-darwin10.7.0'
host_alias=''
host_cpu='i386'
host_os='darwin10.7.0'
host_vendor='apple'
htmldir='${docdir}'
includedir='${prefix}/include'
infodir='${datarootdir}/info'
install_sh='$(SHELL) /Users/dmitry/Project/viewssld-0.6.0/install-sh'
libdir='${exec_prefix}/lib'
libexecdir='${exec_prefix}/libexec'
localedir='${datarootdir}/locale'
localstatedir='${prefix}/var'
mandir='${datarootdir}/man'
mkdir_p='$(top_builddir)/./install-sh -c -d'
oldincludedir='/usr/include'
pdfdir='${docdir}'
prefix='NONE'
program_transform_name='s,x,x,'
psdir='${docdir}'
sbindir='${exec_prefix}/sbin'
sharedstatedir='${prefix}/com'
sysconfdir='${prefix}/etc'
target='i386-apple-darwin10.7.0'
target_alias=''
target_cpu='i386'
target_os='darwin10.7.0'
target_vendor='apple'

## ----------- ##
## confdefs.h. ##
## ----------- ##

#define PACKAGE_NAME "viewssld"
#define PACKAGE_TARNAME "viewssld"
#define PACKAGE_VERSION "0.6.0"
#define PACKAGE_STRING "viewssld 0.6.0"
#define PACKAGE_BUGREPORT "plashchynski@gmail.com"
#define PACKAGE "viewssld"
#define VERSION "0.6.0"
#define HAVE_SYS_WAIT_H 1
#define HAVE_SYS_TYPES_H 1
#define HAVE_SYS_STAT_H 1
#define HAVE_STDLIB_H 1
#define HAVE_STRING_H 1
#define HAVE_MEMORY_H 1
#define HAVE_STRINGS_H 1
#define HAVE_INTTYPES_H 1
#define HAVE_STDINT_H 1
#define HAVE_UNISTD_H 1
#define HAVE_ARPA_INET_H 1
#define HAVE_NETINET_IN_H 1
#define HAVE_STDLIB_H 1
#define HAVE_STRING_H 1
#define HAVE_SYS_IOCTL_H 1
#define HAVE_SYS_SOCKET_H 1
#define HAVE_SYSLOG_H 1
#define HAVE_UNISTD_H 1

configure: exit 1
